app/build/outputs/logs/manifest-merger-debug-report.txt
-- Merging decision tree log ---
provider#android.support.v4.content.FileProvider
INJECTED from src/main/AndroidManifest.xml:38:9-46:20
	android:grantUriPermissions
		ADDED from src/main/AndroidManifest.xml:42:13-47
	android:authorities
		INJECTED from src/main/AndroidManifest.xml
		ADDED from src/main/AndroidManifest.xml:40:13-60
	android:exported
		ADDED from src/main/AndroidManifest.xml:41:13-37
	android:name
		ADDED from src/main/AndroidManifest.xml:39:13-67
data
INJECTED from src/main/AndroidManifest.xml:118:17-69
	android:scheme
		INJECTED from src/main/AndroidManifest.xml
		ADDED from src/main/AndroidManifest.xml:118:23-66
manifest
ADDED from src/main/AndroidManifest.xml:1:1-154:12
INJECTED from src/main/AndroidManifest.xml:1:1-154:12
INJECTED from src/main/AndroidManifest.xml:1:1-154:12
INJECTED from src/main/AndroidManifest.xml:1:1-154:12
MERGED from [com.android.support:multidex:1.0.3] AndroidManifest.xml:17:1-22:12
MERGED from [com.braintreepayments.api:drop-in:3.7.1] AndroidManifest.xml:2:1-32:12
MERGED from [com.braintreepayments:card-form:3.5.0] AndroidManifest.xml:2:1-11:12
MERGED from [com.android.support:design:28.0.0] AndroidManifest.xml:17:1-24:12
MERGED from [com.android.support:preference-v14:28.0.0] AndroidManifest.xml:17:1-22:12
MERGED from [com.android.support:preference-v7:28.0.0] AndroidManifest.xml:17:1-22:12
MERGED from [com.crystal:crystalrangeseekbar:1.1.1] AndroidManifest.xml:2:1-17:12
MERGED from [com.github.paolorotolo:appintro:4.1.0] AndroidManifest.xml:2:1-14:12
MERGED from [com.facebook.android:facebook-android-sdk:4.38.1] AndroidManifest.xml:21:1-31:12
MERGED from [com.facebook.android:facebook-login:4.38.1] AndroidManifest.xml:21:1-31:12
MERGED from [com.facebook.android:facebook-share:4.38.1] AndroidManifest.xml:21:1-31:12
MERGED from [com.facebook.android:facebook-common:4.38.1] AndroidManifest.xml:21:1-37:12
MERGED from [com.android.support:appcompat-v7:28.0.0] AndroidManifest.xml:17:1-22:12
MERGED from [com.android.support:cardview-v7:28.0.0] AndroidManifest.xml:17:1-22:12
MERGED from [com.android.support:recyclerview-v7:28.0.0] AndroidManifest.xml:17:1-22:12
MERGED from [com.onesignal:OneSignal:3.8.3] AndroidManifest.xml:2:1-108:12
MERGED from [com.google.firebase:firebase-auth:12.0.1] AndroidManifest.xml:17:1-32:12
MERGED from [com.google.firebase:firebase-messaging:12.0.1] AndroidManifest.xml:17:1-37:12
MERGED from [com.google.android.gms:play-services-auth:12.0.1] AndroidManifest.xml:17:1-39:12
MERGED from [com.google.android.gms:play-services-maps:12.0.1] AndroidManifest.xml:17:1-32:12
MERGED from [com.google.android.gms:play-services-location:12.0.1] AndroidManifest.xml:2:1-9:12
MERGED from [com.google.android.gms:play-services-gcm:12.0.1] AndroidManifest.xml:17:1-28:12
MERGED from [com.google.firebase:firebase-ads:12.0.1] AndroidManifest.xml:2:1-6:12
MERGED from [com.google.android.gms:play-services-ads:12.0.1] AndroidManifest.xml:17:1-25:12
MERGED from [com.google.firebase:firebase-core:12.0.1] AndroidManifest.xml:2:1-6:12
MERGED from [com.google.firebase:firebase-analytics:12.0.1] AndroidManifest.xml:17:1-54:12
MERGED from [com.google.android.gms:play-services-auth-api-phone:12.0.1] AndroidManifest.xml:2:1-7:12
MERGED from [com.google.android.gms:play-services-auth-base:12.0.1] AndroidManifest.xml:2:1-7:12
MERGED from [com.google.android.gms:play-services-iid:12.0.1] AndroidManifest.xml:17:1-28:12
MERGED from [com.google.android.gms:play-services-base:12.0.1] AndroidManifest.xml:17:1-29:12
MERGED from [com.google.firebase:firebase-analytics-impl:12.0.1] AndroidManifest.xml:17:1-40:12
MERGED from [com.google.firebase:firebase-iid:12.0.1] AndroidManifest.xml:17:1-59:12
MERGED from [com.google.firebase:firebase-common:12.0.1] AndroidManifest.xml:2:1-15:12
MERGED from [com.google.android.gms:play-services-tasks:12.0.1] AndroidManifest.xml:2:1-9:12
MERGED from [com.google.android.gms:play-services-ads-lite:12.0.1] AndroidManifest.xml:17:1-36:12
MERGED from [com.google.android.gms:play-services-gass:12.0.1] AndroidManifest.xml:2:1-9:12
MERGED from [com.google.android.gms:play-services-basement:12.0.1] AndroidManifest.xml:17:1-28:12
MERGED from [com.android.support:support-v4:28.0.0] AndroidManifest.xml:17:1-22:12
MERGED from [com.paypal.sdk:paypal-android-sdk:2.15.3] AndroidManifest.xml:2:1-28:12
MERGED from [com.daimajia.slider:library:1.1.5] AndroidManifest.xml:2:1-14:12
MERGED from [com.stripe:stripe-android:2.0.2] AndroidManifest.xml:2:1-11:12
MERGED from [com.braintreepayments.api:braintree:2.18.1] AndroidManifest.xml:2:1-26:12
MERGED from [com.github.clans:fab:1.6.2] AndroidManifest.xml:2:1-14:12
MERGED from [com.github.yesidlazaro:GmailBackground:1.2.0] AndroidManifest.xml:2:1-20:12
MERGED from [com.android.support:support-fragment:28.0.0] AndroidManifest.xml:17:1-22:12
MERGED from [com.android.support:animated-vector-drawable:28.0.0] AndroidManifest.xml:17:1-22:12
MERGED from [com.android.support:support-vector-drawable:28.0.0] AndroidManifest.xml:17:1-22:12
MERGED from [com.paypal.android.sdk:paypal-one-touch:2.18.1] AndroidManifest.xml:2:1-13:12
MERGED from [com.braintreepayments.api:core:2.18.1] AndroidManifest.xml:2:1-11:12
MERGED from [com.braintreepayments:browser-switch:0.1.7] AndroidManifest.xml:2:1-11:12
MERGED from [com.android.support:customtabs:28.0.0] AndroidManifest.xml:17:1-22:12
MERGED from [com.android.support:support-core-ui:28.0.0] AndroidManifest.xml:17:1-22:12
MERGED from [com.android.support:transition:28.0.0] AndroidManifest.xml:17:1-22:12
MERGED from [com.android.support:support-media-compat:28.0.0] AndroidManifest.xml:17:1-22:12
MERGED from [com.facebook.android:facebook-places:4.38.1] AndroidManifest.xml:21:1-31:12
MERGED from [com.facebook.android:facebook-applinks:4.38.1] AndroidManifest.xml:21:1-31:12
MERGED from [com.facebook.android:facebook-messenger:4.38.1] AndroidManifest.xml:21:1-31:12
MERGED from [com.facebook.android:facebook-marketing:4.38.1] AndroidManifest.xml:21:1-35:12
MERGED from [com.facebook.android:facebook-core:4.38.1] AndroidManifest.xml:21:1-53:12
MERGED from [com.android.support:support-core-utils:28.0.0] AndroidManifest.xml:17:1-22:12
MERGED from [com.android.support:loader:28.0.0] AndroidManifest.xml:17:1-22:12
MERGED from [com.android.support:viewpager:28.0.0] AndroidManifest.xml:17:1-22:12
MERGED from [com.android.support:coordinatorlayout:28.0.0] AndroidManifest.xml:17:1-22:12
MERGED from [com.android.support:drawerlayout:28.0.0] AndroidManifest.xml:17:1-22:12
MERGED from [com.android.support:slidingpanelayout:28.0.0] AndroidManifest.xml:17:1-22:12
MERGED from [com.android.support:customview:28.0.0] AndroidManifest.xml:17:1-22:12
MERGED from [com.android.support:swiperefreshlayout:28.0.0] AndroidManifest.xml:17:1-22:12
MERGED from [com.android.support:asynclayoutinflater:28.0.0] AndroidManifest.xml:17:1-22:12
MERGED from [com.android.support:support-compat:28.0.0] AndroidManifest.xml:17:1-24:12
MERGED from [com.android.support:versionedparcelable:28.0.0] AndroidManifest.xml:17:1-25:12
MERGED from [com.android.support:cursoradapter:28.0.0] AndroidManifest.xml:17:1-22:12
MERGED from [android.arch.lifecycle:runtime:1.1.1] AndroidManifest.xml:17:1-22:12
MERGED from [android.arch.lifecycle:viewmodel:1.1.1] AndroidManifest.xml:17:1-22:12
MERGED from [com.android.support:interpolator:28.0.0] AndroidManifest.xml:17:1-22:12
MERGED from [android.arch.lifecycle:livedata:1.1.1] AndroidManifest.xml:17:1-22:12
MERGED from [android.arch.lifecycle:livedata-core:1.1.1] AndroidManifest.xml:17:1-22:12
MERGED from [android.arch.core:runtime:1.1.1] AndroidManifest.xml:17:1-22:12
MERGED from [com.android.support:documentfile:28.0.0] AndroidManifest.xml:17:1-22:12
MERGED from [com.android.support:localbroadcastmanager:28.0.0] AndroidManifest.xml:17:1-22:12
MERGED from [com.android.support:print:28.0.0] AndroidManifest.xml:17:1-22:12
MERGED from [com.braintreepayments.api:visa-checkout:1.0.0] AndroidManifest.xml:2:1-12:12
MERGED from [io.card:android-sdk:5.5.0] AndroidManifest.xml:2:1-26:12
MERGED from [com.google.firebase:firebase-auth-license:12.0.1] AndroidManifest.xml:17:1-24:12
MERGED from [com.google.firebase:firebase-messaging-license:12.0.1] AndroidManifest.xml:17:1-24:12
MERGED from [com.google.android.gms:play-services-maps-license:12.0.1] AndroidManifest.xml:17:1-24:12
MERGED from [com.google.android.gms:play-services-location-license:12.0.1] AndroidManifest.xml:17:1-24:12
MERGED from [com.paypal.android.sdk:data-collector:2.18.1] AndroidManifest.xml:2:1-13:12
MERGED from [com.google.android.gms:play-services-gcm-license:12.0.1] AndroidManifest.xml:17:1-24:12
MERGED from [com.google.android.gms:play-services-ads-license:12.0.1] AndroidManifest.xml:17:1-24:12
MERGED from [com.google.firebase:firebase-analytics-license:12.0.1] AndroidManifest.xml:17:1-24:12
MERGED from [com.google.android.gms:play-services-base-license:12.0.1] AndroidManifest.xml:17:1-24:12
MERGED from [com.google.android.gms:play-services-basement-license:12.0.1] AndroidManifest.xml:17:1-24:12
MERGED from [com.google.firebase:firebase-common-license:12.0.1] AndroidManifest.xml:17:1-24:12
MERGED from [com.google.android.gms:play-services-tasks-license:12.0.1] AndroidManifest.xml:17:1-24:12
MERGED from [com.google.firebase:firebase-iid-license:12.0.1] AndroidManifest.xml:17:1-24:12
MERGED from [com.google.android.gms:play-services-auth-api-phone-license:12.0.1] AndroidManifest.xml:17:1-24:12
MERGED from [com.google.android.gms:play-services-auth-base-license:12.0.1] AndroidManifest.xml:17:1-24:12
MERGED from [com.google.android.gms:play-services-iid-license:12.0.1] AndroidManifest.xml:17:1-24:12
MERGED from [com.google.android.gms:play-services-ads-lite-license:12.0.1] AndroidManifest.xml:17:1-24:12
MERGED from [com.google.android.gms:play-services-gass-license:12.0.1] AndroidManifest.xml:17:1-24:12
MERGED from [com.google.firebase:firebase-analytics-impl-license:12.0.1] AndroidManifest.xml:17:1-24:12
INJECTED from src/main/AndroidManifest.xml:1:1-154:12
INJECTED from src/main/AndroidManifest.xml:1:1-154:12
INJECTED from src/main/AndroidManifest.xml:1:1-154:12
	package
		ADDED from src/main/AndroidManifest.xml:4:5-39
		INJECTED from src/main/AndroidManifest.xml
		INJECTED from src/main/AndroidManifest.xml
	android:versionName
		INJECTED from src/main/AndroidManifest.xml
		ADDED from src/main/AndroidManifest.xml:1:1-154:12
		INJECTED from src/main/AndroidManifest.xml
	xmlns:tools
		ADDED from src/main/AndroidManifest.xml:3:5-51
	android:versionCode
		INJECTED from src/main/AndroidManifest.xml
		ADDED from src/main/AndroidManifest.xml:1:1-154:12
		INJECTED from src/main/AndroidManifest.xml
	xmlns:android
		ADDED from src/main/AndroidManifest.xml:2:5-63
uses-permission#android.permission.CAMERA
ADDED from src/main/AndroidManifest.xml:7:5-65
MERGED from [io.card:android-sdk:5.5.0] AndroidManifest.xml:9:5-65
MERGED from [io.card:android-sdk:5.5.0] AndroidManifest.xml:9:5-65
	android:name
		ADDED from src/main/AndroidManifest.xml:7:22-62
uses-permission#android.permission.INTERNET
ADDED from src/main/AndroidManifest.xml:8:5-67
MERGED from [com.braintreepayments.api:drop-in:3.7.1] AndroidManifest.xml:13:5-67
MERGED from [com.braintreepayments.api:drop-in:3.7.1] AndroidManifest.xml:13:5-67
MERGED from [com.onesignal:OneSignal:3.8.3] AndroidManifest.xml:17:5-67
MERGED from [com.onesignal:OneSignal:3.8.3] AndroidManifest.xml:17:5-67
MERGED from [com.google.android.gms:play-services-maps:12.0.1] AndroidManifest.xml:24:5-67
MERGED from [com.google.android.gms:play-services-maps:12.0.1] AndroidManifest.xml:24:5-67
MERGED from [com.google.android.gms:play-services-gcm:12.0.1] AndroidManifest.xml:24:5-67
MERGED from [com.google.android.gms:play-services-gcm:12.0.1] AndroidManifest.xml:24:5-67
MERGED from [com.google.firebase:firebase-analytics:12.0.1] AndroidManifest.xml:23:5-67
MERGED from [com.google.firebase:firebase-analytics:12.0.1] AndroidManifest.xml:23:5-67
MERGED from [com.google.android.gms:play-services-iid:12.0.1] AndroidManifest.xml:24:5-67
MERGED from [com.google.android.gms:play-services-iid:12.0.1] AndroidManifest.xml:24:5-67
MERGED from [com.google.firebase:firebase-analytics-impl:12.0.1] AndroidManifest.xml:23:5-67
MERGED from [com.google.firebase:firebase-analytics-impl:12.0.1] AndroidManifest.xml:23:5-67
MERGED from [com.google.firebase:firebase-iid:12.0.1] AndroidManifest.xml:23:5-67
MERGED from [com.google.firebase:firebase-iid:12.0.1] AndroidManifest.xml:23:5-67
MERGED from [com.google.android.gms:play-services-ads-lite:12.0.1] AndroidManifest.xml:23:5-67
MERGED from [com.google.android.gms:play-services-ads-lite:12.0.1] AndroidManifest.xml:23:5-67
MERGED from [com.paypal.sdk:paypal-android-sdk:2.15.3] AndroidManifest.xml:10:5-67
MERGED from [com.paypal.sdk:paypal-android-sdk:2.15.3] AndroidManifest.xml:10:5-67
MERGED from [com.daimajia.slider:library:1.1.5] AndroidManifest.xml:11:5-67
MERGED from [com.daimajia.slider:library:1.1.5] AndroidManifest.xml:11:5-67
MERGED from [com.braintreepayments.api:braintree:2.18.1] AndroidManifest.xml:12:5-67
MERGED from [com.braintreepayments.api:braintree:2.18.1] AndroidManifest.xml:12:5-67
MERGED from [com.github.yesidlazaro:GmailBackground:1.2.0] AndroidManifest.xml:12:5-67
MERGED from [com.github.yesidlazaro:GmailBackground:1.2.0] AndroidManifest.xml:12:5-67
MERGED from [com.paypal.android.sdk:paypal-one-touch:2.18.1] AndroidManifest.xml:11:5-67
MERGED from [com.paypal.android.sdk:paypal-one-touch:2.18.1] AndroidManifest.xml:11:5-67
MERGED from [com.paypal.android.sdk:data-collector:2.18.1] AndroidManifest.xml:11:5-67
MERGED from [com.paypal.android.sdk:data-collector:2.18.1] AndroidManifest.xml:11:5-67
	android:name
		ADDED from src/main/AndroidManifest.xml:8:22-64
uses-permission#android.permission.ACCESS_WIFI_STATE
ADDED from src/main/AndroidManifest.xml:9:5-76
	android:name
		ADDED from src/main/AndroidManifest.xml:9:22-73
uses-permission#android.permission.ACCESS_NETWORK_STATE
ADDED from src/main/AndroidManifest.xml:10:5-79
MERGED from [com.braintreepayments.api:drop-in:3.7.1] AndroidManifest.xml:12:5-79
MERGED from [com.braintreepayments.api:drop-in:3.7.1] AndroidManifest.xml:12:5-79
MERGED from [com.onesignal:OneSignal:3.8.3] AndroidManifest.xml:25:5-79
MERGED from [com.onesignal:OneSignal:3.8.3] AndroidManifest.xml:25:5-79
MERGED from [com.google.android.gms:play-services-maps:12.0.1] AndroidManifest.xml:23:5-79
MERGED from [com.google.android.gms:play-services-maps:12.0.1] AndroidManifest.xml:23:5-79
MERGED from [com.google.firebase:firebase-analytics:12.0.1] AndroidManifest.xml:24:5-79
MERGED from [com.google.firebase:firebase-analytics:12.0.1] AndroidManifest.xml:24:5-79
MERGED from [com.google.firebase:firebase-analytics-impl:12.0.1] AndroidManifest.xml:24:5-79
MERGED from [com.google.firebase:firebase-analytics-impl:12.0.1] AndroidManifest.xml:24:5-79
MERGED from [com.google.firebase:firebase-iid:12.0.1] AndroidManifest.xml:22:5-79
MERGED from [com.google.firebase:firebase-iid:12.0.1] AndroidManifest.xml:22:5-79
MERGED from [com.google.android.gms:play-services-ads-lite:12.0.1] AndroidManifest.xml:24:5-79
MERGED from [com.google.android.gms:play-services-ads-lite:12.0.1] AndroidManifest.xml:24:5-79
MERGED from [com.paypal.sdk:paypal-android-sdk:2.15.3] AndroidManifest.xml:9:5-79
MERGED from [com.paypal.sdk:paypal-android-sdk:2.15.3] AndroidManifest.xml:9:5-79
MERGED from [com.braintreepayments.api:braintree:2.18.1] AndroidManifest.xml:11:5-79
MERGED from [com.braintreepayments.api:braintree:2.18.1] AndroidManifest.xml:11:5-79
MERGED from [com.github.yesidlazaro:GmailBackground:1.2.0] AndroidManifest.xml:11:5-79
MERGED from [com.github.yesidlazaro:GmailBackground:1.2.0] AndroidManifest.xml:11:5-79
	android:name
		ADDED from src/main/AndroidManifest.xml:10:22-76
uses-permission#android.permission.READ_EXTERNAL_STORAGE
ADDED from src/main/AndroidManifest.xml:11:5-80
	android:name
		ADDED from src/main/AndroidManifest.xml:11:22-77
uses-permission#android.permission.WRITE_EXTERNAL_STORAGE
ADDED from src/main/AndroidManifest.xml:12:5-81
MERGED from [com.daimajia.slider:library:1.1.5] AndroidManifest.xml:12:5-81
MERGED from [com.daimajia.slider:library:1.1.5] AndroidManifest.xml:12:5-81
	android:name
		ADDED from src/main/AndroidManifest.xml:12:22-78
uses-permission#android.permission.READ_PHONE_STATE
ADDED from src/main/AndroidManifest.xml:13:5-75
	android:name
		ADDED from src/main/AndroidManifest.xml:13:22-72
uses-permission#android.permission.SYSTEM_ALERT_WINDOW
ADDED from src/main/AndroidManifest.xml:14:5-78
	android:name
		ADDED from src/main/AndroidManifest.xml:14:22-75
uses-permission#android.permission.ACCESS_FINE_LOCATION
ADDED from src/main/AndroidManifest.xml:15:5-79
	android:name
		ADDED from src/main/AndroidManifest.xml:15:22-76
uses-permission#android.permission.ACCESS_COARSE_LOCATION
ADDED from src/main/AndroidManifest.xml:16:5-81
	android:name
		ADDED from src/main/AndroidManifest.xml:16:22-78
uses-permission#android.permission.RECEIVE_BOOT_COMPLETED
ADDED from src/main/AndroidManifest.xml:17:5-80
MERGED from [com.onesignal:OneSignal:3.8.3] AndroidManifest.xml:30:5-81
MERGED from [com.onesignal:OneSignal:3.8.3] AndroidManifest.xml:30:5-81
	android:name
		ADDED from src/main/AndroidManifest.xml:17:22-78
application
ADDED from src/main/AndroidManifest.xml:21:5-152:19
MERGED from [com.braintreepayments.api:drop-in:3.7.1] AndroidManifest.xml:15:5-30:19
MERGED from [com.braintreepayments.api:drop-in:3.7.1] AndroidManifest.xml:15:5-30:19
MERGED from [com.android.support:design:28.0.0] AndroidManifest.xml:22:5-20
MERGED from [com.android.support:design:28.0.0] AndroidManifest.xml:22:5-20
MERGED from [com.crystal:crystalrangeseekbar:1.1.1] AndroidManifest.xml:11:5-15:19
MERGED from [com.crystal:crystalrangeseekbar:1.1.1] AndroidManifest.xml:11:5-15:19
MERGED from [com.github.paolorotolo:appintro:4.1.0] AndroidManifest.xml:12:5-20
MERGED from [com.github.paolorotolo:appintro:4.1.0] AndroidManifest.xml:12:5-20
MERGED from [com.facebook.android:facebook-android-sdk:4.38.1] AndroidManifest.xml:28:5-29:19
MERGED from [com.facebook.android:facebook-android-sdk:4.38.1] AndroidManifest.xml:28:5-29:19
MERGED from [com.facebook.android:facebook-login:4.38.1] AndroidManifest.xml:28:5-29:19
MERGED from [com.facebook.android:facebook-login:4.38.1] AndroidManifest.xml:28:5-29:19
MERGED from [com.facebook.android:facebook-share:4.38.1] AndroidManifest.xml:28:5-29:19
MERGED from [com.facebook.android:facebook-share:4.38.1] AndroidManifest.xml:28:5-29:19
MERGED from [com.facebook.android:facebook-common:4.38.1] AndroidManifest.xml:28:5-35:19
MERGED from [com.facebook.android:facebook-common:4.38.1] AndroidManifest.xml:28:5-35:19
MERGED from [com.onesignal:OneSignal:3.8.3] AndroidManifest.xml:49:5-106:19
MERGED from [com.onesignal:OneSignal:3.8.3] AndroidManifest.xml:49:5-106:19
MERGED from [com.google.firebase:firebase-auth:12.0.1] AndroidManifest.xml:22:5-30:19
MERGED from [com.google.firebase:firebase-auth:12.0.1] AndroidManifest.xml:22:5-30:19
MERGED from [com.google.firebase:firebase-messaging:12.0.1] AndroidManifest.xml:22:5-35:19
MERGED from [com.google.firebase:firebase-messaging:12.0.1] AndroidManifest.xml:22:5-35:19
MERGED from [com.google.android.gms:play-services-auth:12.0.1] AndroidManifest.xml:22:5-37:19
MERGED from [com.google.android.gms:play-services-auth:12.0.1] AndroidManifest.xml:22:5-37:19
MERGED from [com.google.android.gms:play-services-maps:12.0.1] AndroidManifest.xml:30:5-20
MERGED from [com.google.android.gms:play-services-maps:12.0.1] AndroidManifest.xml:30:5-20
MERGED from [com.google.android.gms:play-services-location:12.0.1] AndroidManifest.xml:7:5-20
MERGED from [com.google.android.gms:play-services-location:12.0.1] AndroidManifest.xml:7:5-20
MERGED from [com.google.android.gms:play-services-gcm:12.0.1] AndroidManifest.xml:26:5-20
MERGED from [com.google.android.gms:play-services-gcm:12.0.1] AndroidManifest.xml:26:5-20
MERGED from [com.google.firebase:firebase-ads:12.0.1] AndroidManifest.xml:5:5-20
MERGED from [com.google.firebase:firebase-ads:12.0.1] AndroidManifest.xml:5:5-20
MERGED from [com.google.firebase:firebase-core:12.0.1] AndroidManifest.xml:5:5-20
MERGED from [com.google.firebase:firebase-core:12.0.1] AndroidManifest.xml:5:5-20
MERGED from [com.google.firebase:firebase-analytics:12.0.1] AndroidManifest.xml:27:5-52:19
MERGED from [com.google.firebase:firebase-analytics:12.0.1] AndroidManifest.xml:27:5-52:19
MERGED from [com.google.android.gms:play-services-iid:12.0.1] AndroidManifest.xml:26:5-20
MERGED from [com.google.android.gms:play-services-iid:12.0.1] AndroidManifest.xml:26:5-20
MERGED from [com.google.android.gms:play-services-base:12.0.1] AndroidManifest.xml:22:5-27:19
MERGED from [com.google.android.gms:play-services-base:12.0.1] AndroidManifest.xml:22:5-27:19
MERGED from [com.google.firebase:firebase-analytics-impl:12.0.1] AndroidManifest.xml:27:5-38:19
MERGED from [com.google.firebase:firebase-analytics-impl:12.0.1] AndroidManifest.xml:27:5-38:19
MERGED from [com.google.firebase:firebase-iid:12.0.1] AndroidManifest.xml:34:5-57:19
MERGED from [com.google.firebase:firebase-iid:12.0.1] AndroidManifest.xml:34:5-57:19
MERGED from [com.google.firebase:firebase-common:12.0.1] AndroidManifest.xml:7:5-13:19
MERGED from [com.google.firebase:firebase-common:12.0.1] AndroidManifest.xml:7:5-13:19
MERGED from [com.google.android.gms:play-services-tasks:12.0.1] AndroidManifest.xml:7:5-20
MERGED from [com.google.android.gms:play-services-tasks:12.0.1] AndroidManifest.xml:7:5-20
MERGED from [com.google.android.gms:play-services-ads-lite:12.0.1] AndroidManifest.xml:26:5-34:19
MERGED from [com.google.android.gms:play-services-ads-lite:12.0.1] AndroidManifest.xml:26:5-34:19
MERGED from [com.google.android.gms:play-services-gass:12.0.1] AndroidManifest.xml:7:5-20
MERGED from [com.google.android.gms:play-services-gass:12.0.1] AndroidManifest.xml:7:5-20
MERGED from [com.google.android.gms:play-services-basement:12.0.1] AndroidManifest.xml:22:5-26:19
MERGED from [com.google.android.gms:play-services-basement:12.0.1] AndroidManifest.xml:22:5-26:19
MERGED from [com.paypal.sdk:paypal-android-sdk:2.15.3] AndroidManifest.xml:12:5-26:19
MERGED from [com.paypal.sdk:paypal-android-sdk:2.15.3] AndroidManifest.xml:12:5-26:19
MERGED from [com.braintreepayments.api:braintree:2.18.1] AndroidManifest.xml:14:5-24:19
MERGED from [com.braintreepayments.api:braintree:2.18.1] AndroidManifest.xml:14:5-24:19
MERGED from [com.github.clans:fab:1.6.2] AndroidManifest.xml:12:5-20
MERGED from [com.github.clans:fab:1.6.2] AndroidManifest.xml:12:5-20
MERGED from [com.github.yesidlazaro:GmailBackground:1.2.0] AndroidManifest.xml:14:5-18:19
MERGED from [com.github.yesidlazaro:GmailBackground:1.2.0] AndroidManifest.xml:14:5-18:19
MERGED from [com.facebook.android:facebook-places:4.38.1] AndroidManifest.xml:28:5-29:19
MERGED from [com.facebook.android:facebook-places:4.38.1] AndroidManifest.xml:28:5-29:19
MERGED from [com.facebook.android:facebook-applinks:4.38.1] AndroidManifest.xml:28:5-29:19
MERGED from [com.facebook.android:facebook-applinks:4.38.1] AndroidManifest.xml:28:5-29:19
MERGED from [com.facebook.android:facebook-messenger:4.38.1] AndroidManifest.xml:28:5-29:19
MERGED from [com.facebook.android:facebook-messenger:4.38.1] AndroidManifest.xml:28:5-29:19
MERGED from [com.facebook.android:facebook-marketing:4.38.1] AndroidManifest.xml:28:5-33:19
MERGED from [com.facebook.android:facebook-marketing:4.38.1] AndroidManifest.xml:28:5-33:19
MERGED from [com.facebook.android:facebook-core:4.38.1] AndroidManifest.xml:28:5-51:19
MERGED from [com.facebook.android:facebook-core:4.38.1] AndroidManifest.xml:28:5-51:19
MERGED from [com.android.support:support-compat:28.0.0] AndroidManifest.xml:22:5-94
MERGED from [com.android.support:support-compat:28.0.0] AndroidManifest.xml:22:5-94
MERGED from [com.android.support:versionedparcelable:28.0.0] AndroidManifest.xml:22:5-23:19
MERGED from [com.android.support:versionedparcelable:28.0.0] AndroidManifest.xml:22:5-23:19
MERGED from [io.card:android-sdk:5.5.0] AndroidManifest.xml:19:5-24:19
MERGED from [io.card:android-sdk:5.5.0] AndroidManifest.xml:19:5-24:19
MERGED from [com.google.firebase:firebase-auth-license:12.0.1] AndroidManifest.xml:22:5-20
MERGED from [com.google.firebase:firebase-auth-license:12.0.1] AndroidManifest.xml:22:5-20
MERGED from [com.google.firebase:firebase-messaging-license:12.0.1] AndroidManifest.xml:22:5-20
MERGED from [com.google.firebase:firebase-messaging-license:12.0.1] AndroidManifest.xml:22:5-20
MERGED from [com.google.android.gms:play-services-maps-license:12.0.1] AndroidManifest.xml:22:5-20
MERGED from [com.google.android.gms:play-services-maps-license:12.0.1] AndroidManifest.xml:22:5-20
MERGED from [com.google.android.gms:play-services-location-license:12.0.1] AndroidManifest.xml:22:5-20
MERGED from [com.google.android.gms:play-services-location-license:12.0.1] AndroidManifest.xml:22:5-20
MERGED from [com.google.android.gms:play-services-gcm-license:12.0.1] AndroidManifest.xml:22:5-20
MERGED from [com.google.android.gms:play-services-gcm-license:12.0.1] AndroidManifest.xml:22:5-20
MERGED from [com.google.android.gms:play-services-ads-license:12.0.1] AndroidManifest.xml:22:5-20
MERGED from [com.google.android.gms:play-services-ads-license:12.0.1] AndroidManifest.xml:22:5-20
MERGED from [com.google.firebase:firebase-analytics-license:12.0.1] AndroidManifest.xml:22:5-20
MERGED from [com.google.firebase:firebase-analytics-license:12.0.1] AndroidManifest.xml:22:5-20
MERGED from [com.google.android.gms:play-services-base-license:12.0.1] AndroidManifest.xml:22:5-20
MERGED from [com.google.android.gms:play-services-base-license:12.0.1] AndroidManifest.xml:22:5-20
MERGED from [com.google.android.gms:play-services-basement-license:12.0.1] AndroidManifest.xml:22:5-20
MERGED from [com.google.android.gms:play-services-basement-license:12.0.1] AndroidManifest.xml:22:5-20
MERGED from [com.google.firebase:firebase-common-license:12.0.1] AndroidManifest.xml:22:5-20
MERGED from [com.google.firebase:firebase-common-license:12.0.1] AndroidManifest.xml:22:5-20
MERGED from [com.google.android.gms:play-services-tasks-license:12.0.1] AndroidManifest.xml:22:5-20
MERGED from [com.google.android.gms:play-services-tasks-license:12.0.1] AndroidManifest.xml:22:5-20
MERGED from [com.google.firebase:firebase-iid-license:12.0.1] AndroidManifest.xml:22:5-20
MERGED from [com.google.firebase:firebase-iid-license:12.0.1] AndroidManifest.xml:22:5-20
MERGED from [com.google.android.gms:play-services-auth-api-phone-license:12.0.1] AndroidManifest.xml:22:5-20
MERGED from [com.google.android.gms:play-services-auth-api-phone-license:12.0.1] AndroidManifest.xml:22:5-20
MERGED from [com.google.android.gms:play-services-auth-base-license:12.0.1] AndroidManifest.xml:22:5-20
MERGED from [com.google.android.gms:play-services-auth-base-license:12.0.1] AndroidManifest.xml:22:5-20
MERGED from [com.google.android.gms:play-services-iid-license:12.0.1] AndroidManifest.xml:22:5-20
MERGED from [com.google.android.gms:play-services-iid-license:12.0.1] AndroidManifest.xml:22:5-20
MERGED from [com.google.android.gms:play-services-ads-lite-license:12.0.1] AndroidManifest.xml:22:5-20
MERGED from [com.google.android.gms:play-services-ads-lite-license:12.0.1] AndroidManifest.xml:22:5-20
MERGED from [com.google.android.gms:play-services-gass-license:12.0.1] AndroidManifest.xml:22:5-20
MERGED from [com.google.android.gms:play-services-gass-license:12.0.1] AndroidManifest.xml:22:5-20
MERGED from [com.google.firebase:firebase-analytics-impl-license:12.0.1] AndroidManifest.xml:22:5-20
MERGED from [com.google.firebase:firebase-analytics-impl-license:12.0.1] AndroidManifest.xml:22:5-20
	android:appComponentFactory
		ADDED from [com.android.support:support-compat:28.0.0] AndroidManifest.xml:22:18-91
	android:supportsRtl
		ADDED from src/main/AndroidManifest.xml:28:9-35
	android:label
		ADDED from src/main/AndroidManifest.xml:26:9-41
	android:fullBackupContent
		ADDED from src/main/AndroidManifest.xml:24:9-42
	tools:ignore
		ADDED from [com.braintreepayments.api:drop-in:3.7.1] AndroidManifest.xml:17:9-39
	android:icon
		ADDED from src/main/AndroidManifest.xml:27:9-43
	android:allowBackup
		ADDED from src/main/AndroidManifest.xml:23:9-36
		REJECTED from [com.crystal:crystalrangeseekbar:1.1.1] AndroidManifest.xml:12:9-35
		REJECTED from [com.github.yesidlazaro:GmailBackground:1.2.0] AndroidManifest.xml:15:9-35
	android:theme
		ADDED from src/main/AndroidManifest.xml:29:9-40
	tools:replace
		ADDED from src/main/AndroidManifest.xml:25:9-44
	android:name
		ADDED from src/main/AndroidManifest.xml:22:9-56
meta-data#com.facebook.sdk.ApplicationId
ADDED from src/main/AndroidManifest.xml:32:9-107
	android:value
		ADDED from src/main/AndroidManifest.xml:32:66-105
	android:name
		ADDED from src/main/AndroidManifest.xml:32:20-65
meta-data#com.google.android.maps.v2.API_KEY
ADDED from src/main/AndroidManifest.xml:33:9-113
	android:value
		ADDED from src/main/AndroidManifest.xml:33:70-111
	android:name
		ADDED from src/main/AndroidManifest.xml:33:20-69
meta-data#com.google.firebase.messaging.default_notification_icon
ADDED from src/main/AndroidManifest.xml:35:9-132
	android:resource
		ADDED from src/main/AndroidManifest.xml:35:91-129
	android:name
		ADDED from src/main/AndroidManifest.xml:35:20-90
activity#com.ownmetrro.manjuagecy.activities.SplashScreen
ADDED from src/main/AndroidManifest.xml:49:9-60:20
	android:screenOrientation
		ADDED from src/main/AndroidManifest.xml:53:13-49
	android:launchMode
		ADDED from src/main/AndroidManifest.xml:52:13-44
	android:exported
		ADDED from src/main/AndroidManifest.xml:51:13-36
	android:theme
		ADDED from src/main/AndroidManifest.xml:54:13-50
	android:name
		ADDED from src/main/AndroidManifest.xml:50:13-76
intent-filter#action:name:android.intent.action.MAIN+category:name:android.intent.category.LAUNCHER
ADDED from src/main/AndroidManifest.xml:56:13-59:29
action#android.intent.action.MAIN